<?xml version="1.0" encoding="UTF-8"?>
<!-- Generated by org.testng.reporters.JUnitReportReporter -->
<testsuite hostname="Lenovo" failures="0" tests="1" name="sample.NewTest" time="5.446" errors="0" timestamp="2025-04-18T14:31:07 IST" skipped="0">
  <testcase classname="sample.NewTest" name="f" time="5.446"/>
</testsuite> <!-- sample.NewTest -->
