<?xml version="1.0" encoding="UTF-8"?>
<!-- Generated by org.testng.reporters.JUnitReportReporter -->
<testsuite hostname="Lenovo" failures="0" tests="1" name="com.coverFox_test.CoverFoxTestUsingTestNG" time="8.020" errors="0" timestamp="2025-04-20T13:26:49 IST" skipped="0">
  <testcase classname="com.coverFox_test.CoverFoxTestUsingTestNG" name="validateCoverFoxPlan" time="8.020">
    <system-out>
      <![CDATA[Getting Plan Number From Text
Getting Plan Number From Plan Cards
Plan Number is Matching , TC is passed
Test validateCoverFoxPlan is success]]>
    </system-out>
  </testcase> <!-- validateCoverFoxPlan -->
  <system-out>
    <![CDATA[Reading url from properties file
launching Browser
Clicking on Gender
Clicking on Next button of Health Plan Page
Reading data from excel
handeling age dropdown
Clicking on next button on member details page
Reading data from excel
entering Pincode On Adress Detail Page
Reading data from excel
entering mobile number On Adress Detail Page
clicking On continue button on Address Detail Page
Getting Plan Number From Text
Getting Plan Number From Plan Cards
Plan Number is Matching , TC is passed
Test validateCoverFoxPlan is success
Closing Browser]]>
  </system-out>
</testsuite> <!-- com.coverFox_test.CoverFoxTestUsingTestNG -->
